<?xml version="1.0" encoding="UTF-8"?>
<testng-results skipped="0" failed="0" ignored="0" total="22" passed="22">
  <reporter-output>
  </reporter-output>
  <suite name="Multiple Test Suites" duration-ms="512775" started-at="2020-10-28T12:05:57Z" finished-at="2020-10-28T12:14:30Z">
    <groups>
    </groups>
    <test name="Test Node1" duration-ms="512775" started-at="2020-10-28T12:05:57Z" finished-at="2020-10-28T12:14:30Z">
      <class name="testScenario.WebDevelopment">
        <test-method status="PASS" signature="testOne(java.util.Hashtable)[pri:1, instance:testScenario.WebDevelopment@1aafa419]" name="testOne" duration-ms="36414" started-at="2020-10-28T17:35:57Z" data-provider="getDataTestOne" finished-at="2020-10-28T17:36:34Z">
          <params>
            <param index="0">
              <value>
                <![CDATA[{Course Name=Web Development, Browser=firefox}]]>
              </value>
            </param>
          </params>
          <reporter-output>
          </reporter-output>
        </test-method> <!-- testOne -->
        <test-method status="PASS" signature="afterTest()[pri:0, instance:testScenario.WebDevelopment@1aafa419]" name="afterTest" is-config="true" duration-ms="0" started-at="2020-10-28T17:36:34Z" finished-at="2020-10-28T17:36:34Z">
          <reporter-output>
          </reporter-output>
        </test-method> <!-- afterTest -->
        <test-method status="PASS" signature="testOne(java.util.Hashtable)[pri:1, instance:testScenario.WebDevelopment@1aafa419]" name="testOne" duration-ms="33079" started-at="2020-10-28T17:36:34Z" data-provider="getDataTestOne" finished-at="2020-10-28T17:37:07Z">
          <params>
            <param index="0">
              <value>
                <![CDATA[{Course Name=Web Design, Browser=opera}]]>
              </value>
            </param>
          </params>
          <reporter-output>
          </reporter-output>
        </test-method> <!-- testOne -->
        <test-method status="PASS" signature="afterTest()[pri:0, instance:testScenario.WebDevelopment@1aafa419]" name="afterTest" is-config="true" duration-ms="0" started-at="2020-10-28T17:37:07Z" finished-at="2020-10-28T17:37:07Z">
          <reporter-output>
          </reporter-output>
        </test-method> <!-- afterTest -->
      </class> <!-- testScenario.WebDevelopment -->
      <class name="testScenario.courseTest">
        <test-method status="PASS" signature="testOne(java.util.Hashtable)[pri:1, instance:testScenario.courseTest@47eaca72]" name="testOne" duration-ms="32413" started-at="2020-10-28T17:35:57Z" data-provider="getDataTestOne" finished-at="2020-10-28T17:36:30Z">
          <params>
            <param index="0">
              <value>
                <![CDATA[{Language=English, Course Name=Language Learning, Level=All Levels, Browser=opera}]]>
              </value>
            </param>
          </params>
          <reporter-output>
          </reporter-output>
        </test-method> <!-- testOne -->
        <test-method status="PASS" signature="afterTest()[pri:0, instance:testScenario.courseTest@47eaca72]" name="afterTest" is-config="true" duration-ms="0" started-at="2020-10-28T17:36:30Z" finished-at="2020-10-28T17:36:30Z">
          <reporter-output>
          </reporter-output>
        </test-method> <!-- afterTest -->
        <test-method status="PASS" signature="testOne(java.util.Hashtable)[pri:1, instance:testScenario.courseTest@47eaca72]" name="testOne" duration-ms="33206" started-at="2020-10-28T17:36:30Z" data-provider="getDataTestOne" finished-at="2020-10-28T17:37:03Z">
          <params>
            <param index="0">
              <value>
                <![CDATA[{Language=Español, Course Name=Language Learning, Level=All Levels, Browser=chrome}]]>
              </value>
            </param>
          </params>
          <reporter-output>
          </reporter-output>
        </test-method> <!-- testOne -->
        <test-method status="PASS" signature="afterTest()[pri:0, instance:testScenario.courseTest@47eaca72]" name="afterTest" is-config="true" duration-ms="1" started-at="2020-10-28T17:37:03Z" finished-at="2020-10-28T17:37:03Z">
          <reporter-output>
          </reporter-output>
        </test-method> <!-- afterTest -->
        <test-method status="PASS" signature="testOne(java.util.Hashtable)[pri:1, instance:testScenario.courseTest@47eaca72]" name="testOne" duration-ms="31817" started-at="2020-10-28T17:37:03Z" data-provider="getDataTestOne" finished-at="2020-10-28T17:37:35Z">
          <params>
            <param index="0">
              <value>
                <![CDATA[{Language=Português, Course Name=Language Learning, Level=All Levels, Browser=chrome}]]>
              </value>
            </param>
          </params>
          <reporter-output>
          </reporter-output>
        </test-method> <!-- testOne -->
        <test-method status="PASS" signature="afterTest()[pri:0, instance:testScenario.courseTest@47eaca72]" name="afterTest" is-config="true" duration-ms="1" started-at="2020-10-28T17:37:35Z" finished-at="2020-10-28T17:37:35Z">
          <reporter-output>
          </reporter-output>
        </test-method> <!-- afterTest -->
        <test-method status="PASS" signature="testOne(java.util.Hashtable)[pri:1, instance:testScenario.courseTest@47eaca72]" name="testOne" duration-ms="32643" started-at="2020-10-28T17:37:35Z" data-provider="getDataTestOne" finished-at="2020-10-28T17:38:07Z">
          <params>
            <param index="0">
              <value>
                <![CDATA[{Language=Türkçe, Course Name=Language Learning, Level=All Levels, Browser=chrome}]]>
              </value>
            </param>
          </params>
          <reporter-output>
          </reporter-output>
        </test-method> <!-- testOne -->
        <test-method status="PASS" signature="testOne(java.util.Hashtable)[pri:1, instance:testScenario.courseTest@47eaca72]" name="testOne" duration-ms="34087" started-at="2020-10-28T17:38:07Z" data-provider="getDataTestOne" finished-at="2020-10-28T17:38:41Z">
          <params>
            <param index="0">
              <value>
                <![CDATA[{Language=English, Course Name=Language Learning, Level=Beginner, Browser=firefox}]]>
              </value>
            </param>
          </params>
          <reporter-output>
          </reporter-output>
        </test-method> <!-- testOne -->
        <test-method status="PASS" signature="afterTest()[pri:0, instance:testScenario.courseTest@47eaca72]" name="afterTest" is-config="true" duration-ms="0" started-at="2020-10-28T17:38:07Z" finished-at="2020-10-28T17:38:07Z">
          <reporter-output>
          </reporter-output>
        </test-method> <!-- afterTest -->
        <test-method status="PASS" signature="afterTest()[pri:0, instance:testScenario.courseTest@47eaca72]" name="afterTest" is-config="true" duration-ms="0" started-at="2020-10-28T17:38:41Z" finished-at="2020-10-28T17:38:41Z">
          <reporter-output>
          </reporter-output>
        </test-method> <!-- afterTest -->
        <test-method status="PASS" signature="testOne(java.util.Hashtable)[pri:1, instance:testScenario.courseTest@47eaca72]" name="testOne" duration-ms="31621" started-at="2020-10-28T17:38:41Z" data-provider="getDataTestOne" finished-at="2020-10-28T17:39:13Z">
          <params>
            <param index="0">
              <value>
                <![CDATA[{Language=Español, Course Name=Language Learning, Level=Beginner, Browser=firefox}]]>
              </value>
            </param>
          </params>
          <reporter-output>
          </reporter-output>
        </test-method> <!-- testOne -->
        <test-method status="PASS" signature="testOne(java.util.Hashtable)[pri:1, instance:testScenario.courseTest@47eaca72]" name="testOne" duration-ms="34373" started-at="2020-10-28T17:39:13Z" data-provider="getDataTestOne" finished-at="2020-10-28T17:39:47Z">
          <params>
            <param index="0">
              <value>
                <![CDATA[{Language=Português, Course Name=Language Learning, Level=Beginner, Browser=firefox}]]>
              </value>
            </param>
          </params>
          <reporter-output>
          </reporter-output>
        </test-method> <!-- testOne -->
        <test-method status="PASS" signature="afterTest()[pri:0, instance:testScenario.courseTest@47eaca72]" name="afterTest" is-config="true" duration-ms="0" started-at="2020-10-28T17:39:13Z" finished-at="2020-10-28T17:39:13Z">
          <reporter-output>
          </reporter-output>
        </test-method> <!-- afterTest -->
        <test-method status="PASS" signature="testOne(java.util.Hashtable)[pri:1, instance:testScenario.courseTest@47eaca72]" name="testOne" duration-ms="31741" started-at="2020-10-28T17:39:47Z" data-provider="getDataTestOne" finished-at="2020-10-28T17:40:19Z">
          <params>
            <param index="0">
              <value>
                <![CDATA[{Language=Deutsch, Course Name=Language Learning, Level=Beginner, Browser=firefox}]]>
              </value>
            </param>
          </params>
          <reporter-output>
          </reporter-output>
        </test-method> <!-- testOne -->
        <test-method status="PASS" signature="afterTest()[pri:0, instance:testScenario.courseTest@47eaca72]" name="afterTest" is-config="true" duration-ms="0" started-at="2020-10-28T17:39:47Z" finished-at="2020-10-28T17:39:47Z">
          <reporter-output>
          </reporter-output>
        </test-method> <!-- afterTest -->
        <test-method status="PASS" signature="testOne(java.util.Hashtable)[pri:1, instance:testScenario.courseTest@47eaca72]" name="testOne" duration-ms="31170" started-at="2020-10-28T17:40:19Z" data-provider="getDataTestOne" finished-at="2020-10-28T17:40:50Z">
          <params>
            <param index="0">
              <value>
                <![CDATA[{Language=English, Course Name=Language Learning, Level=Intermediate, Browser=opera}]]>
              </value>
            </param>
          </params>
          <reporter-output>
          </reporter-output>
        </test-method> <!-- testOne -->
        <test-method status="PASS" signature="afterTest()[pri:0, instance:testScenario.courseTest@47eaca72]" name="afterTest" is-config="true" duration-ms="0" started-at="2020-10-28T17:40:19Z" finished-at="2020-10-28T17:40:19Z">
          <reporter-output>
          </reporter-output>
        </test-method> <!-- afterTest -->
        <test-method status="PASS" signature="afterTest()[pri:0, instance:testScenario.courseTest@47eaca72]" name="afterTest" is-config="true" duration-ms="1" started-at="2020-10-28T17:40:50Z" finished-at="2020-10-28T17:40:50Z">
          <reporter-output>
          </reporter-output>
        </test-method> <!-- afterTest -->
        <test-method status="PASS" signature="testOne(java.util.Hashtable)[pri:1, instance:testScenario.courseTest@47eaca72]" name="testOne" duration-ms="30058" started-at="2020-10-28T17:40:50Z" data-provider="getDataTestOne" finished-at="2020-10-28T17:41:20Z">
          <params>
            <param index="0">
              <value>
                <![CDATA[{Language=Español, Course Name=Language Learning, Level=Intermediate, Browser=opera}]]>
              </value>
            </param>
          </params>
          <reporter-output>
          </reporter-output>
        </test-method> <!-- testOne -->
        <test-method status="PASS" signature="afterTest()[pri:0, instance:testScenario.courseTest@47eaca72]" name="afterTest" is-config="true" duration-ms="1" started-at="2020-10-28T17:41:20Z" finished-at="2020-10-28T17:41:20Z">
          <reporter-output>
          </reporter-output>
        </test-method> <!-- afterTest -->
        <test-method status="PASS" signature="testOne(java.util.Hashtable)[pri:1, instance:testScenario.courseTest@47eaca72]" name="testOne" duration-ms="31319" started-at="2020-10-28T17:41:20Z" data-provider="getDataTestOne" finished-at="2020-10-28T17:41:52Z">
          <params>
            <param index="0">
              <value>
                <![CDATA[{Language=Português, Course Name=Language Learning, Level=Intermediate, Browser=opera}]]>
              </value>
            </param>
          </params>
          <reporter-output>
          </reporter-output>
        </test-method> <!-- testOne -->
        <test-method status="PASS" signature="afterTest()[pri:0, instance:testScenario.courseTest@47eaca72]" name="afterTest" is-config="true" duration-ms="0" started-at="2020-10-28T17:41:52Z" finished-at="2020-10-28T17:41:52Z">
          <reporter-output>
          </reporter-output>
        </test-method> <!-- afterTest -->
        <test-method status="PASS" signature="testOne(java.util.Hashtable)[pri:1, instance:testScenario.courseTest@47eaca72]" name="testOne" duration-ms="30278" started-at="2020-10-28T17:41:52Z" data-provider="getDataTestOne" finished-at="2020-10-28T17:42:22Z">
          <params>
            <param index="0">
              <value>
                <![CDATA[{Language=Deutsch, Course Name=Language Learning, Level=Intermediate, Browser=opera}]]>
              </value>
            </param>
          </params>
          <reporter-output>
          </reporter-output>
        </test-method> <!-- testOne -->
        <test-method status="PASS" signature="afterTest()[pri:0, instance:testScenario.courseTest@47eaca72]" name="afterTest" is-config="true" duration-ms="0" started-at="2020-10-28T17:42:22Z" finished-at="2020-10-28T17:42:22Z">
          <reporter-output>
          </reporter-output>
        </test-method> <!-- afterTest -->
        <test-method status="PASS" signature="testOne(java.util.Hashtable)[pri:1, instance:testScenario.courseTest@47eaca72]" name="testOne" duration-ms="31466" started-at="2020-10-28T17:42:22Z" data-provider="getDataTestOne" finished-at="2020-10-28T17:42:53Z">
          <params>
            <param index="0">
              <value>
                <![CDATA[{Language=English, Course Name=Language Learning, Level=Expert, Browser=chrome}]]>
              </value>
            </param>
          </params>
          <reporter-output>
          </reporter-output>
        </test-method> <!-- testOne -->
        <test-method status="PASS" signature="afterTest()[pri:0, instance:testScenario.courseTest@47eaca72]" name="afterTest" is-config="true" duration-ms="0" started-at="2020-10-28T17:42:53Z" finished-at="2020-10-28T17:42:53Z">
          <reporter-output>
          </reporter-output>
        </test-method> <!-- afterTest -->
        <test-method status="PASS" signature="testOne(java.util.Hashtable)[pri:1, instance:testScenario.courseTest@47eaca72]" name="testOne" duration-ms="31866" started-at="2020-10-28T17:42:53Z" data-provider="getDataTestOne" finished-at="2020-10-28T17:43:25Z">
          <params>
            <param index="0">
              <value>
                <![CDATA[{Language=Español, Course Name=Language Learning, Level=Expert, Browser=chrome}]]>
              </value>
            </param>
          </params>
          <reporter-output>
          </reporter-output>
        </test-method> <!-- testOne -->
        <test-method status="PASS" signature="testOne(java.util.Hashtable)[pri:1, instance:testScenario.courseTest@47eaca72]" name="testOne" duration-ms="31782" started-at="2020-10-28T17:43:25Z" data-provider="getDataTestOne" finished-at="2020-10-28T17:43:57Z">
          <params>
            <param index="0">
              <value>
                <![CDATA[{Language=Português, Course Name=Language Learning, Level=Expert, Browser=chrome}]]>
              </value>
            </param>
          </params>
          <reporter-output>
          </reporter-output>
        </test-method> <!-- testOne -->
        <test-method status="PASS" signature="afterTest()[pri:0, instance:testScenario.courseTest@47eaca72]" name="afterTest" is-config="true" duration-ms="0" started-at="2020-10-28T17:43:25Z" finished-at="2020-10-28T17:43:25Z">
          <reporter-output>
          </reporter-output>
        </test-method> <!-- afterTest -->
        <test-method status="PASS" signature="testOne(java.util.Hashtable)[pri:1, instance:testScenario.courseTest@47eaca72]" name="testOne" duration-ms="32142" started-at="2020-10-28T17:43:57Z" data-provider="getDataTestOne" finished-at="2020-10-28T17:44:29Z">
          <params>
            <param index="0">
              <value>
                <![CDATA[{Language=Türkçe, Course Name=Language Learning, Level=Expert, Browser=chrome}]]>
              </value>
            </param>
          </params>
          <reporter-output>
          </reporter-output>
        </test-method> <!-- testOne -->
        <test-method status="PASS" signature="afterTest()[pri:0, instance:testScenario.courseTest@47eaca72]" name="afterTest" is-config="true" duration-ms="0" started-at="2020-10-28T17:43:57Z" finished-at="2020-10-28T17:43:57Z">
          <reporter-output>
          </reporter-output>
        </test-method> <!-- afterTest -->
        <test-method status="PASS" signature="afterTest()[pri:0, instance:testScenario.courseTest@47eaca72]" name="afterTest" is-config="true" duration-ms="0" started-at="2020-10-28T17:44:29Z" finished-at="2020-10-28T17:44:29Z">
          <reporter-output>
          </reporter-output>
        </test-method> <!-- afterTest -->
      </class> <!-- testScenario.courseTest -->
      <class name="testScenario.FormTest">
        <test-method status="PASS" signature="TestOne(java.util.Hashtable)[pri:1, instance:testScenario.FormTest@a1153bc]" name="TestOne" duration-ms="37603" started-at="2020-10-28T17:35:57Z" data-provider="getDataTestOne" finished-at="2020-10-28T17:36:35Z">
          <params>
            <param index="0">
              <value>
                <![CDATA[{Company size=1–199, First Name=sunit , Phone=8987462854, Work Email=, Company Name=czt, Job Title=analyst, Browser=chrome, Last Name=sinha, people=Just myself}]]>
              </value>
            </param>
          </params>
          <reporter-output>
          </reporter-output>
        </test-method> <!-- TestOne -->
        <test-method status="PASS" signature="afterTest()[pri:0, instance:testScenario.FormTest@a1153bc]" name="afterTest" is-config="true" duration-ms="1" started-at="2020-10-28T17:36:35Z" finished-at="2020-10-28T17:36:35Z">
          <reporter-output>
          </reporter-output>
        </test-method> <!-- afterTest -->
        <test-method status="PASS" signature="TestOne(java.util.Hashtable)[pri:1, instance:testScenario.FormTest@a1153bc]" name="TestOne" duration-ms="37037" started-at="2020-10-28T17:36:35Z" data-provider="getDataTestOne" finished-at="2020-10-28T17:37:12Z">
          <params>
            <param index="0">
              <value>
                <![CDATA[{Company size=1–199, First Name=sunit , Phone=, Work Email=asdf@kiit.com, Company Name=czt, Job Title=analyst, Browser=chrome, Last Name=sinha, people=Just myself}]]>
              </value>
            </param>
          </params>
          <reporter-output>
          </reporter-output>
        </test-method> <!-- TestOne -->
        <test-method status="PASS" signature="afterTest()[pri:0, instance:testScenario.FormTest@a1153bc]" name="afterTest" is-config="true" duration-ms="1" started-at="2020-10-28T17:37:12Z" finished-at="2020-10-28T17:37:12Z">
          <reporter-output>
          </reporter-output>
        </test-method> <!-- afterTest -->
        <test-method status="PASS" signature="TestOne(java.util.Hashtable)[pri:1, instance:testScenario.FormTest@a1153bc]" name="TestOne" duration-ms="36056" started-at="2020-10-28T17:37:12Z" data-provider="getDataTestOne" finished-at="2020-10-28T17:37:48Z">
          <params>
            <param index="0">
              <value>
                <![CDATA[{Company size=1–199, First Name=, Phone=8987462854, Work Email=asdf@kiit.com, Company Name=czt, Job Title=analyst, Browser=chrome, Last Name=sinha, people=Just myself}]]>
              </value>
            </param>
          </params>
          <reporter-output>
          </reporter-output>
        </test-method> <!-- TestOne -->
        <test-method status="PASS" signature="TestOne(java.util.Hashtable)[pri:1, instance:testScenario.FormTest@a1153bc]" name="TestOne" duration-ms="36628" started-at="2020-10-28T17:37:48Z" data-provider="getDataTestOne" finished-at="2020-10-28T17:38:25Z">
          <params>
            <param index="0">
              <value>
                <![CDATA[{Company size=1–199, First Name=sunit , Phone=8987462854, Work Email=asdf@kiit.com, Company Name=czt, Job Title=analyst, Browser=chrome, Last Name=, people=Just myself}]]>
              </value>
            </param>
          </params>
          <reporter-output>
          </reporter-output>
        </test-method> <!-- TestOne -->
        <test-method status="PASS" signature="afterTest()[pri:0, instance:testScenario.FormTest@a1153bc]" name="afterTest" is-config="true" duration-ms="0" started-at="2020-10-28T17:37:48Z" finished-at="2020-10-28T17:37:48Z">
          <reporter-output>
          </reporter-output>
        </test-method> <!-- afterTest -->
        <test-method status="PASS" signature="afterTest()[pri:0, instance:testScenario.FormTest@a1153bc]" name="afterTest" is-config="true" duration-ms="0" started-at="2020-10-28T17:38:25Z" finished-at="2020-10-28T17:38:25Z">
          <reporter-output>
          </reporter-output>
        </test-method> <!-- afterTest -->
        <test-method status="PASS" signature="endReport()[pri:0, instance:testScenario.FormTest@a1153bc]" name="endReport" is-config="true" duration-ms="236" started-at="2020-10-28T17:44:29Z" finished-at="2020-10-28T17:44:29Z">
          <reporter-output>
          </reporter-output>
        </test-method> <!-- endReport -->
        <test-method status="PASS" signature="endReport()[pri:0, instance:testScenario.WebDevelopment@1aafa419]" name="endReport" is-config="true" duration-ms="40" started-at="2020-10-28T17:44:29Z" finished-at="2020-10-28T17:44:30Z">
          <reporter-output>
          </reporter-output>
        </test-method> <!-- endReport -->
        <test-method status="PASS" signature="endReport()[pri:0, instance:testScenario.courseTest@47eaca72]" name="endReport" is-config="true" duration-ms="34" started-at="2020-10-28T17:44:30Z" finished-at="2020-10-28T17:44:30Z">
          <reporter-output>
          </reporter-output>
        </test-method> <!-- endReport -->
      </class> <!-- testScenario.FormTest -->
    </test> <!-- Test Node1 -->
  </suite> <!-- Multiple Test Suites -->
</testng-results>
