<?xml version="1.0" encoding="UTF-8"?>
<testsuite xmlns:xsi="http://www.w3.org/2001/XMLSchema-instance" xsi:noNamespaceSchemaLocation="https://maven.apache.org/surefire/maven-surefire-plugin/xsd/surefire-test-report-3.0.xsd" version="3.0" name="TestSuite" time="515.583" tests="22" errors="0" skipped="0" failures="1">
  <properties>
[...]
</properties>
  <testcase name="testOne[{Language=English, Course Name=Language Learning, Level=All Levels, Browser=opera}](1)" classname="testScenario.courseTest" time="35.732">
    <system-out><![CDATA[{Course Name=Web Development, Browser=firefox}
{Course Name=Web Design, Browser=opera}
{Language=English, Course Name=Language Learning, Level=All Levels, Browser=opera}
{Company size=1–199, First Name=sunit , Phone=8987462854, Work Email=, Company Name=czt, Job Title=analyst, Browser=chrome, Last Name=sinha, people=Just myself}
{Language=Español, Course Name=Language Learning, Level=All Levels, Browser=chrome}
{Language=Português, Course Name=Language Learning, Level=All Levels, Browser=chrome}
{Company size=1–199, First Name=sunit , Phone=, Work Email=asdf@kiit.com, Company Name=czt, Job Title=analyst, Browser=chrome, Last Name=sinha, people=Just myself}
{Language=Türkçe, Course Name=Language Learning, Level=All Levels, Browser=chrome}
{Language=English, Course Name=Language Learning, Level=Beginner, Browser=firefox}
{Company size=1–199, First Name=, Phone=8987462854, Work Email=asdf@kiit.com, Company Name=czt, Job Title=analyst, Browser=chrome, Last Name=sinha, people=Just myself}
{Language=Español, Course Name=Language Learning, Level=Beginner, Browser=firefox}
{Language=Português, Course Name=Language Learning, Level=Beginner, Browser=firefox}
{Company size=1–199, First Name=sunit , Phone=8987462854, Work Email=asdf@kiit.com, Company Name=czt, Job Title=analyst, Browser=chrome, Last Name=, people=Just myself}
{Language=Deutsch, Course Name=Language Learning, Level=Beginner, Browser=firefox}
{Language=English, Course Name=Language Learning, Level=Intermediate, Browser=opera}
{Language=Español, Course Name=Language Learning, Level=Intermediate, Browser=opera}
{Language=Português, Course Name=Language Learning, Level=Intermediate, Browser=opera}
{Language=Deutsch, Course Name=Language Learning, Level=Intermediate, Browser=opera}
{Language=English, Course Name=Language Learning, Level=Expert, Browser=chrome}
{Language=Español, Course Name=Language Learning, Level=Expert, Browser=chrome}
{Language=Português, Course Name=Language Learning, Level=Expert, Browser=chrome}
{Language=Türkçe, Course Name=Language Learning, Level=Expert, Browser=chrome}
Total results for applied filter i.e All Levels and English : 9,439 results
]]></system-out>
    <system-err><![CDATA[Oct 28, 2020 5:59:08 PM org.openqa.selenium.remote.DesiredCapabilities chrome
INFO: Using `new ChromeOptions()` is preferred to `DesiredCapabilities.chrome()`
Oct 28, 2020 5:59:08 PM org.openqa.selenium.remote.DesiredCapabilities firefox
INFO: Using `new FirefoxOptions()` is preferred to `DesiredCapabilities.firefox()`
Oct 28, 2020 5:59:10 PM org.openqa.selenium.remote.ProtocolHandshake createSession
INFO: Detected dialect: OSS
Oct 28, 2020 5:59:11 PM org.openqa.selenium.remote.ProtocolHandshake createSession
INFO: Detected dialect: W3C
Oct 28, 2020 5:59:12 PM org.openqa.selenium.remote.ProtocolHandshake createSession
INFO: Detected dialect: W3C
]]></system-err>
  </testcase>
  <testcase name="testOne[{Language=Español, Course Name=Language Learning, Level=All Levels, Browser=chrome}](2)" classname="testScenario.courseTest" time="29.02">
    <system-out><![CDATA[Total results for applied filter i.e All Levels and Español : 241 results
]]></system-out>
    <system-err><![CDATA[Oct 28, 2020 5:59:47 PM org.openqa.selenium.remote.DesiredCapabilities chrome
INFO: Using `new ChromeOptions()` is preferred to `DesiredCapabilities.chrome()`
Oct 28, 2020 5:59:49 PM org.openqa.selenium.remote.ProtocolHandshake createSession
INFO: Detected dialect: W3C
]]></system-err>
  </testcase>
  <testcase name="testOne[{Language=Português, Course Name=Language Learning, Level=All Levels, Browser=chrome}](3)" classname="testScenario.courseTest" time="31.733">
    <system-out><![CDATA[Total results for applied filter i.e All Levels and Português : 242 results
]]></system-out>
  </testcase>
  <testcase name="testOne[{Language=Türkçe, Course Name=Language Learning, Level=All Levels, Browser=chrome}](4)" classname="testScenario.courseTest" time="18.635">
    <system-out><![CDATA[Total results for applied filter i.e All Levels and Türkçe : 196 results
]]></system-out>
    <system-err><![CDATA[Oct 28, 2020 6:01:01 PM org.openqa.selenium.remote.DesiredCapabilities chrome
INFO: Using `new ChromeOptions()` is preferred to `DesiredCapabilities.chrome()`
Oct 28, 2020 6:01:03 PM org.openqa.selenium.remote.ProtocolHandshake createSession
INFO: Detected dialect: W3C
]]></system-err>
  </testcase>
  <testcase name="testOne[{Language=English, Course Name=Language Learning, Level=Beginner, Browser=firefox}](5)" classname="testScenario.courseTest" time="15.183">
    <system-out><![CDATA[Total results for applied filter i.e Beginner and English : 7,077 results
]]></system-out>
    <system-err><![CDATA[Oct 28, 2020 6:01:39 PM org.openqa.selenium.remote.DesiredCapabilities chrome
INFO: Using `new ChromeOptions()` is preferred to `DesiredCapabilities.chrome()`
Oct 28, 2020 6:01:41 PM org.openqa.selenium.remote.ProtocolHandshake createSession
INFO: Detected dialect: W3C
]]></system-err>
  </testcase>
  <testcase name="testOne[{Language=Español, Course Name=Language Learning, Level=Beginner, Browser=firefox}](6)" classname="testScenario.courseTest" time="34.544">
    <system-out><![CDATA[Total results for applied filter i.e Beginner and Español : 229 results
]]></system-out>
  </testcase>
  <testcase name="testOne[{Language=Português, Course Name=Language Learning, Level=Beginner, Browser=firefox}](7)" classname="testScenario.courseTest" time="31.509">
    <system-out><![CDATA[Total results for applied filter i.e Beginner and Português : 244 results
]]></system-out>
    <system-err><![CDATA[Oct 28, 2020 6:02:29 PM org.openqa.selenium.remote.DesiredCapabilities firefox
INFO: Using `new FirefoxOptions()` is preferred to `DesiredCapabilities.firefox()`
Oct 28, 2020 6:02:31 PM org.openqa.selenium.remote.ProtocolHandshake createSession
INFO: Detected dialect: W3C
]]></system-err>
  </testcase>
  <testcase name="testOne[{Language=Deutsch, Course Name=Language Learning, Level=Beginner, Browser=firefox}](8)" classname="testScenario.courseTest" time="31.659">
    <system-out><![CDATA[Total results for applied filter i.e Beginner and Deutsch : 186 results
]]></system-out>
    <system-err><![CDATA[Oct 28, 2020 6:03:00 PM org.openqa.selenium.remote.DesiredCapabilities firefox
INFO: Using `new FirefoxOptions()` is preferred to `DesiredCapabilities.firefox()`
Oct 28, 2020 6:03:02 PM org.openqa.selenium.remote.ProtocolHandshake createSession
INFO: Detected dialect: W3C
]]></system-err>
  </testcase>
  <testcase name="testOne[{Language=English, Course Name=Language Learning, Level=Intermediate, Browser=opera}](9)" classname="testScenario.courseTest" time="30.253">
    <system-out><![CDATA[Total results for applied filter i.e Intermediate and English : 2,674 results
]]></system-out>
    <system-err><![CDATA[Oct 28, 2020 6:03:33 PM org.openqa.selenium.remote.ProtocolHandshake createSession
INFO: Detected dialect: OSS
]]></system-err>
  </testcase>
  <testcase name="testOne[{Language=Español, Course Name=Language Learning, Level=Intermediate, Browser=opera}](10)" classname="testScenario.courseTest" time="30.733">
    <system-out><![CDATA[Total results for applied filter i.e Intermediate and Español : 96 results
]]></system-out>
    <system-err><![CDATA[Oct 28, 2020 6:04:03 PM org.openqa.selenium.remote.ProtocolHandshake createSession
INFO: Detected dialect: OSS
]]></system-err>
  </testcase>
  <testcase name="testOne[{Language=Português, Course Name=Language Learning, Level=Intermediate, Browser=opera}](11)" classname="testScenario.courseTest" time="31.106">
    <system-out><![CDATA[Total results for applied filter i.e Intermediate and Português : 64 results
]]></system-out>
    <system-err><![CDATA[Oct 28, 2020 6:04:35 PM org.openqa.selenium.remote.ProtocolHandshake createSession
INFO: Detected dialect: OSS
]]></system-err>
  </testcase>
  <testcase name="testOne[{Language=Deutsch, Course Name=Language Learning, Level=Intermediate, Browser=opera}](12)" classname="testScenario.courseTest" time="30.23">
    <system-out><![CDATA[Total results for applied filter i.e Intermediate and Deutsch : 62 results
]]></system-out>
    <system-err><![CDATA[Oct 28, 2020 6:05:05 PM org.openqa.selenium.remote.ProtocolHandshake createSession
INFO: Detected dialect: OSS
]]></system-err>
  </testcase>
  <testcase name="testOne[{Language=English, Course Name=Language Learning, Level=Expert, Browser=chrome}](13)" classname="testScenario.courseTest" time="32.052">
    <system-out><![CDATA[Total results for applied filter i.e Expert and English : 388 results
]]></system-out>
    <system-err><![CDATA[Oct 28, 2020 6:05:34 PM org.openqa.selenium.remote.DesiredCapabilities chrome
INFO: Using `new ChromeOptions()` is preferred to `DesiredCapabilities.chrome()`
Oct 28, 2020 6:05:36 PM org.openqa.selenium.remote.ProtocolHandshake createSession
INFO: Detected dialect: W3C
]]></system-err>
  </testcase>
  <testcase name="testOne[{Language=Español, Course Name=Language Learning, Level=Expert, Browser=chrome}](14)" classname="testScenario.courseTest" time="31.845">
    <system-out><![CDATA[Total results for applied filter i.e Expert and Español : 22 results
]]></system-out>
    <system-err><![CDATA[Oct 28, 2020 6:06:06 PM org.openqa.selenium.remote.DesiredCapabilities chrome
INFO: Using `new ChromeOptions()` is preferred to `DesiredCapabilities.chrome()`
Oct 28, 2020 6:06:08 PM org.openqa.selenium.remote.ProtocolHandshake createSession
INFO: Detected dialect: W3C
]]></system-err>
  </testcase>
  <testcase name="testOne[{Language=Português, Course Name=Language Learning, Level=Expert, Browser=chrome}](15)" classname="testScenario.courseTest" time="31.582">
    <system-out><![CDATA[Total results for applied filter i.e Expert and Português : 10 results
]]></system-out>
    <system-err><![CDATA[Oct 28, 2020 6:06:38 PM org.openqa.selenium.remote.DesiredCapabilities chrome
INFO: Using `new ChromeOptions()` is preferred to `DesiredCapabilities.chrome()`
Oct 28, 2020 6:06:40 PM org.openqa.selenium.remote.ProtocolHandshake createSession
INFO: Detected dialect: W3C
]]></system-err>
  </testcase>
  <testcase name="testOne[{Language=Türkçe, Course Name=Language Learning, Level=Expert, Browser=chrome}](16)" classname="testScenario.courseTest" time="32.943">
    <system-out><![CDATA[Total results for applied filter i.e Expert and Türkçe : 4 results
]]></system-out>
    <system-err><![CDATA[Oct 28, 2020 6:07:10 PM org.openqa.selenium.remote.DesiredCapabilities chrome
INFO: Using `new ChromeOptions()` is preferred to `DesiredCapabilities.chrome()`
Oct 28, 2020 6:07:12 PM org.openqa.selenium.remote.ProtocolHandshake createSession
INFO: Detected dialect: W3C
]]></system-err>
  </testcase>
  <testcase name="testOne[{Course Name=Web Development, Browser=firefox}](1)" classname="testScenario.WebDevelopment" time="1.211">
    <system-out><![CDATA[Topic 1:The Complete React Developer Course (w/ Hooks and Redux)
Topic 2:Build an app with ASPNET Core and Angular from scratch
Total hrs for Topic 1:39 total hours
Total hrs for Topic 2:57.5 total hours
Topic 1:Rating: 4.7 out of 5
Topic 2:Rating: 4.6 out of 5
]]></system-out>
    <system-err><![CDATA[Oct 28, 2020 5:59:44 PM org.openqa.selenium.remote.DesiredCapabilities chrome
INFO: Using `new ChromeOptions()` is preferred to `DesiredCapabilities.chrome()`
]]></system-err>
  </testcase>
  <testcase name="testOne[{Course Name=Web Design, Browser=opera}](2)" classname="testScenario.WebDevelopment" time="2.605">
    <system-out><![CDATA[Topic 1:Wordpress for Beginners - Master Wordpress Quickly
Topic 2:WordPress for Beginners: Create a Website Step by Step
Total hrs for Topic 1:9 total hours
Total hrs for Topic 2:5.5 total hours
Topic 1:Rating: 4.5 out of 5
Topic 2:Rating: 4.7 out of 5
]]></system-out>
    <system-err><![CDATA[Oct 28, 2020 6:00:16 PM org.openqa.selenium.remote.DesiredCapabilities chrome
INFO: Using `new ChromeOptions()` is preferred to `DesiredCapabilities.chrome()`
Oct 28, 2020 6:00:18 PM org.openqa.selenium.remote.ProtocolHandshake createSession
INFO: Detected dialect: W3C
]]></system-err>
  </testcase>
  <testcase name="TestOne[{Company size=1–199, First Name=sunit , Phone=8987462854, Work Email=, Company Name=czt, Job Title=analyst, Browser=chrome, Last Name=sinha, people=Just myself}](1)" classname="testScenario.FormTest" time="1.355">
    <system-err><![CDATA[Oct 28, 2020 5:59:46 PM org.openqa.selenium.remote.ProtocolHandshake createSession
INFO: Detected dialect: W3C
Oct 28, 2020 5:59:47 PM org.openqa.selenium.remote.ProtocolHandshake createSession
INFO: Detected dialect: OSS
]]></system-err>
  </testcase>
  <testcase name="TestOne[{Company size=1–199, First Name=sunit , Phone=, Work Email=asdf@kiit.com, Company Name=czt, Job Title=analyst, Browser=chrome, Last Name=sinha, people=Just myself}](2)" classname="testScenario.FormTest" time="13.185">
    <failure message="timeout: Timed out receiving message from renderer: 60.000&#10;  (Session info: chrome=86.0.4240.111)&#10;Build info: version: &apos;3.141.59&apos;, revision: &apos;e82be7d358&apos;, time: &apos;2018-11-14T08:17:03&apos;&#10;System info: host: &apos;LAPTOP-7H3VE7A9&apos;, ip: &apos;192.168.29.20&apos;, os.name: &apos;Windows 10&apos;, os.arch: &apos;amd64&apos;, os.version: &apos;10.0&apos;, java.version: &apos;1.8.0_261&apos;&#10;Driver info: org.openqa.selenium.remote.RemoteWebDriver&#10;Capabilities {acceptInsecureCerts: false, browserName: chrome, browserVersion: 86.0.4240.111, chrome: {chromedriverVersion: 86.0.4240.22 (398b0743353ff..., userDataDir: C:\Users\SUNITS~1\AppData\L...}, goog:chromeOptions: {debuggerAddress: localhost:15388}, javascriptEnabled: true, networkConnectionEnabled: false, pageLoadStrategy: normal, platform: WINDOWS, platformName: WINDOWS, proxy: Proxy(), setWindowRect: true, strictFileInteractability: false, timeouts: {implicit: 0, pageLoad: 300000, script: 30000}, unhandledPromptBehavior: dismiss and notify, webauthn:virtualAuthenticators: true, webdriver.remote.sessionid: 9cff22605d94e26e51f4336d906...}&#10;Session ID: 9cff22605d94e26e51f4336d9061d765&#10;*** Element info: {Using=xpath, value=//input[@name=&apos;FirstName&apos;]}" type="java.lang.AssertionError"><![CDATA[java.lang.AssertionError: 
timeout: Timed out receiving message from renderer: 60.000
  (Session info: chrome=86.0.4240.111)
Build info: version: '3.141.59', revision: 'e82be7d358', time: '2018-11-14T08:17:03'
System info: host: 'LAPTOP-7H3VE7A9', ip: '192.168.29.20', os.name: 'Windows 10', os.arch: 'amd64', os.version: '10.0', java.version: '1.8.0_261'
Driver info: org.openqa.selenium.remote.RemoteWebDriver
Capabilities {acceptInsecureCerts: false, browserName: chrome, browserVersion: 86.0.4240.111, chrome: {chromedriverVersion: 86.0.4240.22 (398b0743353ff..., userDataDir: C:\Users\SUNITS~1\AppData\L...}, goog:chromeOptions: {debuggerAddress: localhost:15388}, javascriptEnabled: true, networkConnectionEnabled: false, pageLoadStrategy: normal, platform: WINDOWS, platformName: WINDOWS, proxy: Proxy(), setWindowRect: true, strictFileInteractability: false, timeouts: {implicit: 0, pageLoad: 300000, script: 30000}, unhandledPromptBehavior: dismiss and notify, webauthn:virtualAuthenticators: true, webdriver.remote.sessionid: 9cff22605d94e26e51f4336d906...}
Session ID: 9cff22605d94e26e51f4336d9061d765
*** Element info: {Using=xpath, value=//input[@name='FirstName']}
	at testScenario.FormTest.TestOne(FormTest.java:34)
]]></failure>
    <system-err><![CDATA[Oct 28, 2020 6:00:47 PM org.openqa.selenium.remote.DesiredCapabilities chrome
INFO: Using `new ChromeOptions()` is preferred to `DesiredCapabilities.chrome()`
Oct 28, 2020 6:00:50 PM org.openqa.selenium.remote.ProtocolHandshake createSession
INFO: Detected dialect: W3C
]]></system-err>
  </testcase>
  <testcase name="TestOne[{Company size=1–199, First Name=, Phone=8987462854, Work Email=asdf@kiit.com, Company Name=czt, Job Title=analyst, Browser=chrome, Last Name=sinha, people=Just myself}](3)" classname="testScenario.FormTest" time="19.706">
    <system-err><![CDATA[Oct 28, 2020 6:01:19 PM org.openqa.selenium.remote.DesiredCapabilities firefox
INFO: Using `new FirefoxOptions()` is preferred to `DesiredCapabilities.firefox()`
Oct 28, 2020 6:01:23 PM org.openqa.selenium.remote.ProtocolHandshake createSession
INFO: Detected dialect: W3C
]]></system-err>
  </testcase>
  <testcase name="TestOne[{Company size=1–199, First Name=sunit , Phone=8987462854, Work Email=asdf@kiit.com, Company Name=czt, Job Title=analyst, Browser=chrome, Last Name=, people=Just myself}](4)" classname="testScenario.FormTest" time="21.42">
    <system-err><![CDATA[Oct 28, 2020 6:01:54 PM org.openqa.selenium.remote.DesiredCapabilities firefox
INFO: Using `new FirefoxOptions()` is preferred to `DesiredCapabilities.firefox()`
Oct 28, 2020 6:01:56 PM org.openqa.selenium.remote.ProtocolHandshake createSession
INFO: Detected dialect: W3C
]]></system-err>
  </testcase>
</testsuite>