<?xml version="1.0" encoding="UTF-8"?>
<testng-results skipped="0" failed="1" ignored="0" total="22" passed="21">
  <reporter-output>
  </reporter-output>
  <suite name="Multiple Test Suites" duration-ms="515020" started-at="2020-10-28T17:59:08 IST" finished-at="2020-10-28T18:07:43 IST">
    <groups>
    </groups>
    <test name="Test Node1" duration-ms="515020" started-at="2020-10-28T17:59:08 IST" finished-at="2020-10-28T18:07:43 IST">
      <class name="testScenario.WebDevelopment">
        <test-method status="PASS" signature="testOne(java.util.Hashtable)[pri:1, instance:testScenario.WebDevelopment@2f0a87b3]" name="testOne" duration-ms="36946" started-at="2020-10-28T17:59:08 IST" data-provider="getDataTestOne" finished-at="2020-10-28T17:59:45 IST">
          <params>
            <param index="0">
              <value>
                <![CDATA[{Course Name=Web Development, Browser=firefox}]]>
              </value>
            </param>
          </params>
          <reporter-output>
          </reporter-output>
        </test-method> <!-- testOne -->
        <test-method status="PASS" signature="testOne(java.util.Hashtable)[pri:1, instance:testScenario.WebDevelopment@2f0a87b3]" name="testOne" duration-ms="32982" started-at="2020-10-28T17:59:45 IST" data-provider="getDataTestOne" finished-at="2020-10-28T18:00:18 IST">
          <params>
            <param index="0">
              <value>
                <![CDATA[{Course Name=Web Design, Browser=opera}]]>
              </value>
            </param>
          </params>
          <reporter-output>
          </reporter-output>
        </test-method> <!-- testOne -->
        <test-method status="PASS" signature="afterTest()[pri:0, instance:testScenario.WebDevelopment@2f0a87b3]" name="afterTest" is-config="true" duration-ms="0" started-at="2020-10-28T17:59:45 IST" finished-at="2020-10-28T17:59:45 IST">
          <reporter-output>
          </reporter-output>
        </test-method> <!-- afterTest -->
        <test-method status="PASS" signature="afterTest()[pri:0, instance:testScenario.WebDevelopment@2f0a87b3]" name="afterTest" is-config="true" duration-ms="0" started-at="2020-10-28T18:00:18 IST" finished-at="2020-10-28T18:00:18 IST">
          <reporter-output>
          </reporter-output>
        </test-method> <!-- afterTest -->
        <test-method status="PASS" signature="endReport()[pri:0, instance:testScenario.WebDevelopment@2f0a87b3]" name="endReport" is-config="true" duration-ms="45" started-at="2020-10-28T18:07:43 IST" finished-at="2020-10-28T18:07:43 IST">
          <reporter-output>
          </reporter-output>
        </test-method> <!-- endReport -->
      </class> <!-- testScenario.WebDevelopment -->
      <class name="testScenario.courseTest">
        <test-method status="PASS" signature="testOne(java.util.Hashtable)[pri:1, instance:testScenario.courseTest@319b92f3]" name="testOne" duration-ms="35730" started-at="2020-10-28T17:59:08 IST" data-provider="getDataTestOne" finished-at="2020-10-28T17:59:44 IST">
          <params>
            <param index="0">
              <value>
                <![CDATA[{Language=English, Course Name=Language Learning, Level=All Levels, Browser=opera}]]>
              </value>
            </param>
          </params>
          <reporter-output>
          </reporter-output>
        </test-method> <!-- testOne -->
        <test-method status="PASS" signature="afterTest()[pri:0, instance:testScenario.courseTest@319b92f3]" name="afterTest" is-config="true" duration-ms="0" started-at="2020-10-28T17:59:44 IST" finished-at="2020-10-28T17:59:44 IST">
          <reporter-output>
          </reporter-output>
        </test-method> <!-- afterTest -->
        <test-method status="PASS" signature="testOne(java.util.Hashtable)[pri:1, instance:testScenario.courseTest@319b92f3]" name="testOne" duration-ms="31589" started-at="2020-10-28T17:59:44 IST" data-provider="getDataTestOne" finished-at="2020-10-28T18:00:16 IST">
          <params>
            <param index="0">
              <value>
                <![CDATA[{Language=Español, Course Name=Language Learning, Level=All Levels, Browser=chrome}]]>
              </value>
            </param>
          </params>
          <reporter-output>
          </reporter-output>
        </test-method> <!-- testOne -->
        <test-method status="PASS" signature="afterTest()[pri:0, instance:testScenario.courseTest@319b92f3]" name="afterTest" is-config="true" duration-ms="1" started-at="2020-10-28T18:00:16 IST" finished-at="2020-10-28T18:00:16 IST">
          <reporter-output>
          </reporter-output>
        </test-method> <!-- afterTest -->
        <test-method status="PASS" signature="testOne(java.util.Hashtable)[pri:1, instance:testScenario.courseTest@319b92f3]" name="testOne" duration-ms="31732" started-at="2020-10-28T18:00:16 IST" data-provider="getDataTestOne" finished-at="2020-10-28T18:00:47 IST">
          <params>
            <param index="0">
              <value>
                <![CDATA[{Language=Português, Course Name=Language Learning, Level=All Levels, Browser=chrome}]]>
              </value>
            </param>
          </params>
          <reporter-output>
          </reporter-output>
        </test-method> <!-- testOne -->
        <test-method status="PASS" signature="afterTest()[pri:0, instance:testScenario.courseTest@319b92f3]" name="afterTest" is-config="true" duration-ms="0" started-at="2020-10-28T18:00:47 IST" finished-at="2020-10-28T18:00:47 IST">
          <reporter-output>
          </reporter-output>
        </test-method> <!-- afterTest -->
        <test-method status="PASS" signature="testOne(java.util.Hashtable)[pri:1, instance:testScenario.courseTest@319b92f3]" name="testOne" duration-ms="31819" started-at="2020-10-28T18:00:47 IST" data-provider="getDataTestOne" finished-at="2020-10-28T18:01:19 IST">
          <params>
            <param index="0">
              <value>
                <![CDATA[{Language=Türkçe, Course Name=Language Learning, Level=All Levels, Browser=chrome}]]>
              </value>
            </param>
          </params>
          <reporter-output>
          </reporter-output>
        </test-method> <!-- testOne -->
        <test-method status="PASS" signature="afterTest()[pri:0, instance:testScenario.courseTest@319b92f3]" name="afterTest" is-config="true" duration-ms="1" started-at="2020-10-28T18:01:19 IST" finished-at="2020-10-28T18:01:19 IST">
          <reporter-output>
          </reporter-output>
        </test-method> <!-- afterTest -->
        <test-method status="PASS" signature="testOne(java.util.Hashtable)[pri:1, instance:testScenario.courseTest@319b92f3]" name="testOne" duration-ms="34892" started-at="2020-10-28T18:01:19 IST" data-provider="getDataTestOne" finished-at="2020-10-28T18:01:54 IST">
          <params>
            <param index="0">
              <value>
                <![CDATA[{Language=English, Course Name=Language Learning, Level=Beginner, Browser=firefox}]]>
              </value>
            </param>
          </params>
          <reporter-output>
          </reporter-output>
        </test-method> <!-- testOne -->
        <test-method status="PASS" signature="afterTest()[pri:0, instance:testScenario.courseTest@319b92f3]" name="afterTest" is-config="true" duration-ms="1" started-at="2020-10-28T18:01:54 IST" finished-at="2020-10-28T18:01:54 IST">
          <reporter-output>
          </reporter-output>
        </test-method> <!-- afterTest -->
        <test-method status="PASS" signature="testOne(java.util.Hashtable)[pri:1, instance:testScenario.courseTest@319b92f3]" name="testOne" duration-ms="34544" started-at="2020-10-28T18:01:54 IST" data-provider="getDataTestOne" finished-at="2020-10-28T18:02:29 IST">
          <params>
            <param index="0">
              <value>
                <![CDATA[{Language=Español, Course Name=Language Learning, Level=Beginner, Browser=firefox}]]>
              </value>
            </param>
          </params>
          <reporter-output>
          </reporter-output>
        </test-method> <!-- testOne -->
        <test-method status="PASS" signature="afterTest()[pri:0, instance:testScenario.courseTest@319b92f3]" name="afterTest" is-config="true" duration-ms="0" started-at="2020-10-28T18:02:29 IST" finished-at="2020-10-28T18:02:29 IST">
          <reporter-output>
          </reporter-output>
        </test-method> <!-- afterTest -->
        <test-method status="PASS" signature="testOne(java.util.Hashtable)[pri:1, instance:testScenario.courseTest@319b92f3]" name="testOne" duration-ms="31509" started-at="2020-10-28T18:02:29 IST" data-provider="getDataTestOne" finished-at="2020-10-28T18:03:00 IST">
          <params>
            <param index="0">
              <value>
                <![CDATA[{Language=Português, Course Name=Language Learning, Level=Beginner, Browser=firefox}]]>
              </value>
            </param>
          </params>
          <reporter-output>
          </reporter-output>
        </test-method> <!-- testOne -->
        <test-method status="PASS" signature="afterTest()[pri:0, instance:testScenario.courseTest@319b92f3]" name="afterTest" is-config="true" duration-ms="0" started-at="2020-10-28T18:03:00 IST" finished-at="2020-10-28T18:03:00 IST">
          <reporter-output>
          </reporter-output>
        </test-method> <!-- afterTest -->
        <test-method status="PASS" signature="testOne(java.util.Hashtable)[pri:1, instance:testScenario.courseTest@319b92f3]" name="testOne" duration-ms="31658" started-at="2020-10-28T18:03:00 IST" data-provider="getDataTestOne" finished-at="2020-10-28T18:03:32 IST">
          <params>
            <param index="0">
              <value>
                <![CDATA[{Language=Deutsch, Course Name=Language Learning, Level=Beginner, Browser=firefox}]]>
              </value>
            </param>
          </params>
          <reporter-output>
          </reporter-output>
        </test-method> <!-- testOne -->
        <test-method status="PASS" signature="afterTest()[pri:0, instance:testScenario.courseTest@319b92f3]" name="afterTest" is-config="true" duration-ms="0" started-at="2020-10-28T18:03:32 IST" finished-at="2020-10-28T18:03:32 IST">
          <reporter-output>
          </reporter-output>
        </test-method> <!-- afterTest -->
        <test-method status="PASS" signature="testOne(java.util.Hashtable)[pri:1, instance:testScenario.courseTest@319b92f3]" name="testOne" duration-ms="30252" started-at="2020-10-28T18:03:32 IST" data-provider="getDataTestOne" finished-at="2020-10-28T18:04:02 IST">
          <params>
            <param index="0">
              <value>
                <![CDATA[{Language=English, Course Name=Language Learning, Level=Intermediate, Browser=opera}]]>
              </value>
            </param>
          </params>
          <reporter-output>
          </reporter-output>
        </test-method> <!-- testOne -->
        <test-method status="PASS" signature="testOne(java.util.Hashtable)[pri:1, instance:testScenario.courseTest@319b92f3]" name="testOne" duration-ms="30733" started-at="2020-10-28T18:04:02 IST" data-provider="getDataTestOne" finished-at="2020-10-28T18:04:33 IST">
          <params>
            <param index="0">
              <value>
                <![CDATA[{Language=Español, Course Name=Language Learning, Level=Intermediate, Browser=opera}]]>
              </value>
            </param>
          </params>
          <reporter-output>
          </reporter-output>
        </test-method> <!-- testOne -->
        <test-method status="PASS" signature="afterTest()[pri:0, instance:testScenario.courseTest@319b92f3]" name="afterTest" is-config="true" duration-ms="0" started-at="2020-10-28T18:04:02 IST" finished-at="2020-10-28T18:04:02 IST">
          <reporter-output>
          </reporter-output>
        </test-method> <!-- afterTest -->
        <test-method status="PASS" signature="afterTest()[pri:0, instance:testScenario.courseTest@319b92f3]" name="afterTest" is-config="true" duration-ms="1" started-at="2020-10-28T18:04:33 IST" finished-at="2020-10-28T18:04:33 IST">
          <reporter-output>
          </reporter-output>
        </test-method> <!-- afterTest -->
        <test-method status="PASS" signature="testOne(java.util.Hashtable)[pri:1, instance:testScenario.courseTest@319b92f3]" name="testOne" duration-ms="31107" started-at="2020-10-28T18:04:33 IST" data-provider="getDataTestOne" finished-at="2020-10-28T18:05:04 IST">
          <params>
            <param index="0">
              <value>
                <![CDATA[{Language=Português, Course Name=Language Learning, Level=Intermediate, Browser=opera}]]>
              </value>
            </param>
          </params>
          <reporter-output>
          </reporter-output>
        </test-method> <!-- testOne -->
        <test-method status="PASS" signature="testOne(java.util.Hashtable)[pri:1, instance:testScenario.courseTest@319b92f3]" name="testOne" duration-ms="30230" started-at="2020-10-28T18:05:04 IST" data-provider="getDataTestOne" finished-at="2020-10-28T18:05:34 IST">
          <params>
            <param index="0">
              <value>
                <![CDATA[{Language=Deutsch, Course Name=Language Learning, Level=Intermediate, Browser=opera}]]>
              </value>
            </param>
          </params>
          <reporter-output>
          </reporter-output>
        </test-method> <!-- testOne -->
        <test-method status="PASS" signature="afterTest()[pri:0, instance:testScenario.courseTest@319b92f3]" name="afterTest" is-config="true" duration-ms="0" started-at="2020-10-28T18:05:04 IST" finished-at="2020-10-28T18:05:04 IST">
          <reporter-output>
          </reporter-output>
        </test-method> <!-- afterTest -->
        <test-method status="PASS" signature="afterTest()[pri:0, instance:testScenario.courseTest@319b92f3]" name="afterTest" is-config="true" duration-ms="0" started-at="2020-10-28T18:05:34 IST" finished-at="2020-10-28T18:05:34 IST">
          <reporter-output>
          </reporter-output>
        </test-method> <!-- afterTest -->
        <test-method status="PASS" signature="testOne(java.util.Hashtable)[pri:1, instance:testScenario.courseTest@319b92f3]" name="testOne" duration-ms="32051" started-at="2020-10-28T18:05:34 IST" data-provider="getDataTestOne" finished-at="2020-10-28T18:06:06 IST">
          <params>
            <param index="0">
              <value>
                <![CDATA[{Language=English, Course Name=Language Learning, Level=Expert, Browser=chrome}]]>
              </value>
            </param>
          </params>
          <reporter-output>
          </reporter-output>
        </test-method> <!-- testOne -->
        <test-method status="PASS" signature="afterTest()[pri:0, instance:testScenario.courseTest@319b92f3]" name="afterTest" is-config="true" duration-ms="0" started-at="2020-10-28T18:06:06 IST" finished-at="2020-10-28T18:06:06 IST">
          <reporter-output>
          </reporter-output>
        </test-method> <!-- afterTest -->
        <test-method status="PASS" signature="testOne(java.util.Hashtable)[pri:1, instance:testScenario.courseTest@319b92f3]" name="testOne" duration-ms="31845" started-at="2020-10-28T18:06:06 IST" data-provider="getDataTestOne" finished-at="2020-10-28T18:06:38 IST">
          <params>
            <param index="0">
              <value>
                <![CDATA[{Language=Español, Course Name=Language Learning, Level=Expert, Browser=chrome}]]>
              </value>
            </param>
          </params>
          <reporter-output>
          </reporter-output>
        </test-method> <!-- testOne -->
        <test-method status="PASS" signature="afterTest()[pri:0, instance:testScenario.courseTest@319b92f3]" name="afterTest" is-config="true" duration-ms="0" started-at="2020-10-28T18:06:38 IST" finished-at="2020-10-28T18:06:38 IST">
          <reporter-output>
          </reporter-output>
        </test-method> <!-- afterTest -->
        <test-method status="PASS" signature="testOne(java.util.Hashtable)[pri:1, instance:testScenario.courseTest@319b92f3]" name="testOne" duration-ms="31582" started-at="2020-10-28T18:06:38 IST" data-provider="getDataTestOne" finished-at="2020-10-28T18:07:10 IST">
          <params>
            <param index="0">
              <value>
                <![CDATA[{Language=Português, Course Name=Language Learning, Level=Expert, Browser=chrome}]]>
              </value>
            </param>
          </params>
          <reporter-output>
          </reporter-output>
        </test-method> <!-- testOne -->
        <test-method status="PASS" signature="afterTest()[pri:0, instance:testScenario.courseTest@319b92f3]" name="afterTest" is-config="true" duration-ms="1" started-at="2020-10-28T18:07:10 IST" finished-at="2020-10-28T18:07:10 IST">
          <reporter-output>
          </reporter-output>
        </test-method> <!-- afterTest -->
        <test-method status="PASS" signature="testOne(java.util.Hashtable)[pri:1, instance:testScenario.courseTest@319b92f3]" name="testOne" duration-ms="32942" started-at="2020-10-28T18:07:10 IST" data-provider="getDataTestOne" finished-at="2020-10-28T18:07:43 IST">
          <params>
            <param index="0">
              <value>
                <![CDATA[{Language=Türkçe, Course Name=Language Learning, Level=Expert, Browser=chrome}]]>
              </value>
            </param>
          </params>
          <reporter-output>
          </reporter-output>
        </test-method> <!-- testOne -->
        <test-method status="PASS" signature="afterTest()[pri:0, instance:testScenario.courseTest@319b92f3]" name="afterTest" is-config="true" duration-ms="0" started-at="2020-10-28T18:07:43 IST" finished-at="2020-10-28T18:07:43 IST">
          <reporter-output>
          </reporter-output>
        </test-method> <!-- afterTest -->
        <test-method status="PASS" signature="endReport()[pri:0, instance:testScenario.courseTest@319b92f3]" name="endReport" is-config="true" duration-ms="39" started-at="2020-10-28T18:07:43 IST" finished-at="2020-10-28T18:07:43 IST">
          <reporter-output>
          </reporter-output>
        </test-method> <!-- endReport -->
      </class> <!-- testScenario.courseTest -->
      <class name="testScenario.FormTest">
        <test-method status="PASS" signature="TestOne(java.util.Hashtable)[pri:1, instance:testScenario.FormTest@16f7c8c1]" name="TestOne" duration-ms="38300" started-at="2020-10-28T17:59:08 IST" data-provider="getDataTestOne" finished-at="2020-10-28T17:59:47 IST">
          <params>
            <param index="0">
              <value>
                <![CDATA[{Company size=1–199, First Name=sunit , Phone=8987462854, Work Email=, Company Name=czt, Job Title=analyst, Browser=chrome, Last Name=sinha, people=Just myself}]]>
              </value>
            </param>
          </params>
          <reporter-output>
          </reporter-output>
        </test-method> <!-- TestOne -->
        <test-method status="PASS" signature="afterTest()[pri:0, instance:testScenario.FormTest@16f7c8c1]" name="afterTest" is-config="true" duration-ms="0" started-at="2020-10-28T17:59:47 IST" finished-at="2020-10-28T17:59:47 IST">
          <reporter-output>
          </reporter-output>
        </test-method> <!-- afterTest -->
        <test-method status="FAIL" signature="TestOne(java.util.Hashtable)[pri:1, instance:testScenario.FormTest@16f7c8c1]" name="TestOne" duration-ms="73934" started-at="2020-10-28T17:59:47 IST" data-provider="getDataTestOne" finished-at="2020-10-28T18:01:01 IST">
          <params>
            <param index="0">
              <value>
                <![CDATA[{Company size=1–199, First Name=sunit , Phone=, Work Email=asdf@kiit.com, Company Name=czt, Job Title=analyst, Browser=chrome, Last Name=sinha, people=Just myself}]]>
              </value>
            </param>
          </params>
          <exception class="java.lang.AssertionError">
            <message>
              <![CDATA[timeout: Timed out receiving message from renderer: 60.000
  (Session info: chrome=86.0.4240.111)
Build info: version: '3.141.59', revision: 'e82be7d358', time: '2018-11-14T08:17:03'
System info: host: 'LAPTOP-7H3VE7A9', ip: '192.168.29.20', os.name: 'Windows 10', os.arch: 'amd64', os.version: '10.0', java.version: '1.8.0_261'
Driver info: org.openqa.selenium.remote.RemoteWebDriver
Capabilities {acceptInsecureCerts: false, browserName: chrome, browserVersion: 86.0.4240.111, chrome: {chromedriverVersion: 86.0.4240.22 (398b0743353ff..., userDataDir: C:\Users\SUNITS~1\AppData\L...}, goog:chromeOptions: {debuggerAddress: localhost:15388}, javascriptEnabled: true, networkConnectionEnabled: false, pageLoadStrategy: normal, platform: WINDOWS, platformName: WINDOWS, proxy: Proxy(), setWindowRect: true, strictFileInteractability: false, timeouts: {implicit: 0, pageLoad: 300000, script: 30000}, unhandledPromptBehavior: dismiss and notify, webauthn:virtualAuthenticators: true, webdriver.remote.sessionid: 9cff22605d94e26e51f4336d906...}
Session ID: 9cff22605d94e26e51f4336d9061d765
*** Element info: {Using=xpath, value=//input[@name='FirstName']}]]>
            </message>
            <full-stacktrace>
              <![CDATA[java.lang.AssertionError: timeout: Timed out receiving message from renderer: 60.000
  (Session info: chrome=86.0.4240.111)
Build info: version: '3.141.59', revision: 'e82be7d358', time: '2018-11-14T08:17:03'
System info: host: 'LAPTOP-7H3VE7A9', ip: '192.168.29.20', os.name: 'Windows 10', os.arch: 'amd64', os.version: '10.0', java.version: '1.8.0_261'
Driver info: org.openqa.selenium.remote.RemoteWebDriver
Capabilities {acceptInsecureCerts: false, browserName: chrome, browserVersion: 86.0.4240.111, chrome: {chromedriverVersion: 86.0.4240.22 (398b0743353ff..., userDataDir: C:\Users\SUNITS~1\AppData\L...}, goog:chromeOptions: {debuggerAddress: localhost:15388}, javascriptEnabled: true, networkConnectionEnabled: false, pageLoadStrategy: normal, platform: WINDOWS, platformName: WINDOWS, proxy: Proxy(), setWindowRect: true, strictFileInteractability: false, timeouts: {implicit: 0, pageLoad: 300000, script: 30000}, unhandledPromptBehavior: dismiss and notify, webauthn:virtualAuthenticators: true, webdriver.remote.sessionid: 9cff22605d94e26e51f4336d906...}
Session ID: 9cff22605d94e26e51f4336d9061d765
*** Element info: {Using=xpath, value=//input[@name='FirstName']}
at org.testng.Assert.fail(Assert.java:99)
at Hackathon.identifyCourse.baseUI.reportFail(baseUI.java:464)
at Hackathon.identifyCourse.baseUI.getElement(baseUI.java:411)
at Hackathon.identifyCourse.baseUI.enterText(baseUI.java:208)
at testScenario.FormTest.TestOne(FormTest.java:34)
at sun.reflect.NativeMethodAccessorImpl.invoke0(Native Method)
at sun.reflect.NativeMethodAccessorImpl.invoke(NativeMethodAccessorImpl.java:62)
at sun.reflect.DelegatingMethodAccessorImpl.invoke(DelegatingMethodAccessorImpl.java:43)
at java.lang.reflect.Method.invoke(Method.java:498)
at org.testng.internal.MethodInvocationHelper.invokeMethod(MethodInvocationHelper.java:132)
at org.testng.internal.TestInvoker.invokeMethod(TestInvoker.java:599)
at org.testng.internal.TestInvoker.invokeTestMethod(TestInvoker.java:174)
at org.testng.internal.MethodRunner.runInSequence(MethodRunner.java:46)
at org.testng.internal.TestInvoker$MethodInvocationAgent.invoke(TestInvoker.java:822)
at org.testng.internal.TestInvoker.invokeTestMethods(TestInvoker.java:147)
at org.testng.internal.TestMethodWorker.invokeTestMethods(TestMethodWorker.java:146)
at org.testng.internal.TestMethodWorker.run(TestMethodWorker.java:128)
at java.util.concurrent.ThreadPoolExecutor.runWorker(ThreadPoolExecutor.java:1149)
at java.util.concurrent.ThreadPoolExecutor$Worker.run(ThreadPoolExecutor.java:624)
at java.lang.Thread.run(Thread.java:748)
]]>
            </full-stacktrace>
          </exception> <!-- java.lang.AssertionError -->
          <reporter-output>
          </reporter-output>
        </test-method> <!-- TestOne -->
        <test-method status="PASS" signature="afterTest()[pri:0, instance:testScenario.FormTest@16f7c8c1]" name="afterTest" is-config="true" duration-ms="0" started-at="2020-10-28T18:01:01 IST" finished-at="2020-10-28T18:01:01 IST">
          <reporter-output>
          </reporter-output>
        </test-method> <!-- afterTest -->
        <test-method status="PASS" signature="TestOne(java.util.Hashtable)[pri:1, instance:testScenario.FormTest@16f7c8c1]" name="TestOne" duration-ms="38340" started-at="2020-10-28T18:01:01 IST" data-provider="getDataTestOne" finished-at="2020-10-28T18:01:39 IST">
          <params>
            <param index="0">
              <value>
                <![CDATA[{Company size=1–199, First Name=, Phone=8987462854, Work Email=asdf@kiit.com, Company Name=czt, Job Title=analyst, Browser=chrome, Last Name=sinha, people=Just myself}]]>
              </value>
            </param>
          </params>
          <reporter-output>
          </reporter-output>
        </test-method> <!-- TestOne -->
        <test-method status="PASS" signature="afterTest()[pri:0, instance:testScenario.FormTest@16f7c8c1]" name="afterTest" is-config="true" duration-ms="0" started-at="2020-10-28T18:01:39 IST" finished-at="2020-10-28T18:01:39 IST">
          <reporter-output>
          </reporter-output>
        </test-method> <!-- afterTest -->
        <test-method status="PASS" signature="TestOne(java.util.Hashtable)[pri:1, instance:testScenario.FormTest@16f7c8c1]" name="TestOne" duration-ms="36603" started-at="2020-10-28T18:01:39 IST" data-provider="getDataTestOne" finished-at="2020-10-28T18:02:16 IST">
          <params>
            <param index="0">
              <value>
                <![CDATA[{Company size=1–199, First Name=sunit , Phone=8987462854, Work Email=asdf@kiit.com, Company Name=czt, Job Title=analyst, Browser=chrome, Last Name=, people=Just myself}]]>
              </value>
            </param>
          </params>
          <reporter-output>
          </reporter-output>
        </test-method> <!-- TestOne -->
        <test-method status="PASS" signature="afterTest()[pri:0, instance:testScenario.FormTest@16f7c8c1]" name="afterTest" is-config="true" duration-ms="1" started-at="2020-10-28T18:02:16 IST" finished-at="2020-10-28T18:02:16 IST">
          <reporter-output>
          </reporter-output>
        </test-method> <!-- afterTest -->
        <test-method status="PASS" signature="endReport()[pri:0, instance:testScenario.FormTest@16f7c8c1]" name="endReport" is-config="true" duration-ms="250" started-at="2020-10-28T18:07:43 IST" finished-at="2020-10-28T18:07:43 IST">
          <reporter-output>
          </reporter-output>
        </test-method> <!-- endReport -->
      </class> <!-- testScenario.FormTest -->
    </test> <!-- Test Node1 -->
  </suite> <!-- Multiple Test Suites -->
</testng-results>
