<?xml version="1.0" encoding="UTF-8"?>
<!-- Generated by org.testng.reporters.JUnitXMLReporter -->
<testsuite hostname="LAPTOP-7H3VE7A9" ignored="0" name="Test Node1" tests="22" failures="0" timestamp="28 Oct 2020 12:14:30 GMT" time="512.775" errors="0">
  <testcase name="testOne" time="32.413" classname="testScenario.courseTest"/>
  <testcase name="testOne" time="36.414" classname="testScenario.WebDevelopment"/>
  <testcase name="TestOne" time="37.603" classname="testScenario.FormTest"/>
  <testcase name="testOne" time="33.206" classname="testScenario.courseTest"/>
  <testcase name="testOne" time="33.079" classname="testScenario.WebDevelopment"/>
  <testcase name="TestOne" time="37.037" classname="testScenario.FormTest"/>
  <testcase name="testOne" time="31.817" classname="testScenario.courseTest"/>
  <testcase name="TestOne" time="36.056" classname="testScenario.FormTest"/>
  <testcase name="testOne" time="32.643" classname="testScenario.courseTest"/>
  <testcase name="TestOne" time="36.628" classname="testScenario.FormTest"/>
  <testcase name="testOne" time="34.087" classname="testScenario.courseTest"/>
  <testcase name="testOne" time="31.621" classname="testScenario.courseTest"/>
  <testcase name="testOne" time="34.373" classname="testScenario.courseTest"/>
  <testcase name="testOne" time="31.741" classname="testScenario.courseTest"/>
  <testcase name="testOne" time="31.17" classname="testScenario.courseTest"/>
  <testcase name="testOne" time="30.058" classname="testScenario.courseTest"/>
  <testcase name="testOne" time="31.319" classname="testScenario.courseTest"/>
  <testcase name="testOne" time="30.278" classname="testScenario.courseTest"/>
  <testcase name="testOne" time="31.466" classname="testScenario.courseTest"/>
  <testcase name="testOne" time="31.866" classname="testScenario.courseTest"/>
  <testcase name="testOne" time="31.782" classname="testScenario.courseTest"/>
  <testcase name="testOne" time="32.142" classname="testScenario.courseTest"/>
</testsuite> <!-- Test Node1 -->
